

Started GET "/" for 127.0.0.1 at 2017-07-26 18:31:16 +0530

ActiveRecord::PendingMigrationError (

Migrations are pending. To resolve this issue, run:

	bin/rake db:migrate RAILS_ENV=development

):
  activerecord (4.2.8) lib/active_record/migration.rb:392:in `check_pending!'
  activerecord (4.2.8) lib/active_record/migration.rb:373:in `call'
  actionpack (4.2.8) lib/action_dispatch/middleware/callbacks.rb:29:in `block in call'
  activesupport (4.2.8) lib/active_support/callbacks.rb:88:in `__run_callbacks__'
  activesupport (4.2.8) lib/active_support/callbacks.rb:778:in `_run_call_callbacks'
  activesupport (4.2.8) lib/active_support/callbacks.rb:81:in `run_callbacks'
  actionpack (4.2.8) lib/action_dispatch/middleware/callbacks.rb:27:in `call'
  actionpack (4.2.8) lib/action_dispatch/middleware/reloader.rb:73:in `call'
  actionpack (4.2.8) lib/action_dispatch/middleware/remote_ip.rb:78:in `call'
  actionpack (4.2.8) lib/action_dispatch/middleware/debug_exceptions.rb:17:in `call'
  web-console (2.3.0) lib/web_console/middleware.rb:28:in `block in call'
  web-console (2.3.0) lib/web_console/middleware.rb:18:in `catch'
  web-console (2.3.0) lib/web_console/middleware.rb:18:in `call'
  actionpack (4.2.8) lib/action_dispatch/middleware/show_exceptions.rb:30:in `call'
  railties (4.2.8) lib/rails/rack/logger.rb:38:in `call_app'
  railties (4.2.8) lib/rails/rack/logger.rb:20:in `block in call'
  activesupport (4.2.8) lib/active_support/tagged_logging.rb:68:in `block in tagged'
  activesupport (4.2.8) lib/active_support/tagged_logging.rb:26:in `tagged'
  activesupport (4.2.8) lib/active_support/tagged_logging.rb:68:in `tagged'
  railties (4.2.8) lib/rails/rack/logger.rb:20:in `call'
  actionpack (4.2.8) lib/action_dispatch/middleware/request_id.rb:21:in `call'
  rack (1.6.8) lib/rack/methodoverride.rb:22:in `call'
  rack (1.6.8) lib/rack/runtime.rb:18:in `call'
  activesupport (4.2.8) lib/active_support/cache/strategy/local_cache_middleware.rb:28:in `call'
  rack (1.6.8) lib/rack/lock.rb:17:in `call'
  actionpack (4.2.8) lib/action_dispatch/middleware/static.rb:120:in `call'
  rack (1.6.8) lib/rack/sendfile.rb:113:in `call'
  railties (4.2.8) lib/rails/engine.rb:518:in `call'
  railties (4.2.8) lib/rails/application.rb:165:in `call'
  rack (1.6.8) lib/rack/lock.rb:17:in `call'
  rack (1.6.8) lib/rack/content_length.rb:15:in `call'
  rack (1.6.8) lib/rack/handler/webrick.rb:88:in `service'
  /home/sanjeet/.rbenv/versions/2.4.0/lib/ruby/2.4.0/webrick/httpserver.rb:140:in `service'
  /home/sanjeet/.rbenv/versions/2.4.0/lib/ruby/2.4.0/webrick/httpserver.rb:96:in `run'
  /home/sanjeet/.rbenv/versions/2.4.0/lib/ruby/2.4.0/webrick/server.rb:290:in `block in start_thread'


  Rendered /home/sanjeet/.rbenv/versions/2.4.0/lib/ruby/gems/2.4.0/gems/actionpack-4.2.8/lib/action_dispatch/middleware/templates/rescues/_source.erb (4.6ms)
  Rendered /home/sanjeet/.rbenv/versions/2.4.0/lib/ruby/gems/2.4.0/gems/actionpack-4.2.8/lib/action_dispatch/middleware/templates/rescues/_trace.html.erb (2.1ms)
  Rendered /home/sanjeet/.rbenv/versions/2.4.0/lib/ruby/gems/2.4.0/gems/actionpack-4.2.8/lib/action_dispatch/middleware/templates/rescues/_request_and_response.html.erb (1.1ms)
  Rendered /home/sanjeet/.rbenv/versions/2.4.0/lib/ruby/gems/2.4.0/gems/actionpack-4.2.8/lib/action_dispatch/middleware/templates/rescues/diagnostics.html.erb within rescues/layout (45.1ms)
  Rendered /home/sanjeet/.rbenv/versions/2.4.0/lib/ruby/gems/2.4.0/gems/web-console-2.3.0/lib/web_console/templates/_markup.html.erb (0.5ms)
  Rendered /home/sanjeet/.rbenv/versions/2.4.0/lib/ruby/gems/2.4.0/gems/web-console-2.3.0/lib/web_console/templates/_inner_console_markup.html.erb within layouts/inlined_string (0.5ms)
  Rendered /home/sanjeet/.rbenv/versions/2.4.0/lib/ruby/gems/2.4.0/gems/web-console-2.3.0/lib/web_console/templates/_prompt_box_markup.html.erb within layouts/inlined_string (0.4ms)
  Rendered /home/sanjeet/.rbenv/versions/2.4.0/lib/ruby/gems/2.4.0/gems/web-console-2.3.0/lib/web_console/templates/style.css.erb within layouts/inlined_string (0.4ms)
  Rendered /home/sanjeet/.rbenv/versions/2.4.0/lib/ruby/gems/2.4.0/gems/web-console-2.3.0/lib/web_console/templates/console.js.erb within layouts/javascript (74.7ms)
  Rendered /home/sanjeet/.rbenv/versions/2.4.0/lib/ruby/gems/2.4.0/gems/web-console-2.3.0/lib/web_console/templates/main.js.erb within layouts/javascript (0.4ms)
  Rendered /home/sanjeet/.rbenv/versions/2.4.0/lib/ruby/gems/2.4.0/gems/web-console-2.3.0/lib/web_console/templates/error_page.js.erb within layouts/javascript (0.8ms)
  Rendered /home/sanjeet/.rbenv/versions/2.4.0/lib/ruby/gems/2.4.0/gems/web-console-2.3.0/lib/web_console/templates/index.html.erb (125.8ms)
  [1m[36m (216.0ms)[0m  [1mCREATE TABLE "schema_migrations" ("version" varchar NOT NULL) [0m
  [1m[35m (0.3ms)[0m  select sqlite_version(*)
  [1m[36m (186.3ms)[0m  [1mCREATE UNIQUE INDEX "unique_schema_migrations" ON "schema_migrations" ("version")[0m
  [1m[35mActiveRecord::SchemaMigration Load (0.3ms)[0m  SELECT "schema_migrations".* FROM "schema_migrations"
Migrating to DeviseCreateUsers (20170723083332)
  [1m[36m (0.1ms)[0m  [1mbegin transaction[0m
  [1m[35m (0.7ms)[0m  CREATE TABLE "users" ("id" INTEGER PRIMARY KEY AUTOINCREMENT NOT NULL, "email" varchar DEFAULT '' NOT NULL, "encrypted_password" varchar DEFAULT '' NOT NULL, "reset_password_token" varchar, "reset_password_sent_at" datetime, "remember_created_at" datetime, "sign_in_count" integer DEFAULT 0 NOT NULL, "current_sign_in_at" datetime, "last_sign_in_at" datetime, "current_sign_in_ip" varchar, "last_sign_in_ip" varchar, "confirmation_token" varchar, "confirmed_at" datetime, "confirmation_sent_at" datetime, "unconfirmed_email" varchar, "created_at" datetime NOT NULL, "updated_at" datetime NOT NULL) 
  [1m[36m (0.4ms)[0m  [1mCREATE UNIQUE INDEX "index_users_on_email" ON "users" ("email")[0m
  [1m[35m (0.2ms)[0m              SELECT sql
            FROM sqlite_master
            WHERE name='index_users_on_email' AND type='index'
            UNION ALL
            SELECT sql
            FROM sqlite_temp_master
            WHERE name='index_users_on_email' AND type='index'

  [1m[36m (0.3ms)[0m  [1mCREATE UNIQUE INDEX "index_users_on_reset_password_token" ON "users" ("reset_password_token")[0m
  [1m[35mSQL (0.2ms)[0m  INSERT INTO "schema_migrations" ("version") VALUES (?)  [["version", "20170723083332"]]
  [1m[36m (238.5ms)[0m  [1mcommit transaction[0m
Migrating to CreateQuestions (20170723084333)
  [1m[35m (0.2ms)[0m  begin transaction
  [1m[36m (0.8ms)[0m  [1mCREATE TABLE "questions" ("id" INTEGER PRIMARY KEY AUTOINCREMENT NOT NULL, "title" varchar NOT NULL, "content" text NOT NULL, "user_id" integer, "created_at" datetime NOT NULL, "updated_at" datetime NOT NULL) [0m
  [1m[35m (0.5ms)[0m  CREATE  INDEX "index_questions_on_user_id" ON "questions" ("user_id")
  [1m[36mSQL (0.3ms)[0m  [1mINSERT INTO "schema_migrations" ("version") VALUES (?)[0m  [["version", "20170723084333"]]
  [1m[35m (335.7ms)[0m  commit transaction
Migrating to CreateAnswers (20170723094623)
  [1m[36m (0.3ms)[0m  [1mbegin transaction[0m
  [1m[35m (0.9ms)[0m  CREATE TABLE "answers" ("id" INTEGER PRIMARY KEY AUTOINCREMENT NOT NULL, "content" text NOT NULL, "question_id" integer, "user_id" integer, "created_at" datetime NOT NULL, "updated_at" datetime NOT NULL) 
  [1m[36m (0.5ms)[0m  [1mCREATE  INDEX "index_answers_on_question_id" ON "answers" ("question_id")[0m
  [1m[35m (0.3ms)[0m              SELECT sql
            FROM sqlite_master
            WHERE name='index_answers_on_question_id' AND type='index'
            UNION ALL
            SELECT sql
            FROM sqlite_temp_master
            WHERE name='index_answers_on_question_id' AND type='index'

  [1m[36m (0.5ms)[0m  [1mCREATE  INDEX "index_answers_on_user_id" ON "answers" ("user_id")[0m
  [1m[35mSQL (0.4ms)[0m  INSERT INTO "schema_migrations" ("version") VALUES (?)  [["version", "20170723094623"]]
  [1m[36m (509.9ms)[0m  [1mcommit transaction[0m
  [1m[35mActiveRecord::SchemaMigration Load (0.1ms)[0m  SELECT "schema_migrations".* FROM "schema_migrations"
  [1m[36m (0.1ms)[0m  [1m            SELECT sql
            FROM sqlite_master
            WHERE name='index_answers_on_user_id' AND type='index'
            UNION ALL
            SELECT sql
            FROM sqlite_temp_master
            WHERE name='index_answers_on_user_id' AND type='index'
[0m
  [1m[35m (0.1ms)[0m              SELECT sql
            FROM sqlite_master
            WHERE name='index_answers_on_question_id' AND type='index'
            UNION ALL
            SELECT sql
            FROM sqlite_temp_master
            WHERE name='index_answers_on_question_id' AND type='index'

  [1m[36m (0.2ms)[0m  [1m            SELECT sql
            FROM sqlite_master
            WHERE name='index_questions_on_user_id' AND type='index'
            UNION ALL
            SELECT sql
            FROM sqlite_temp_master
            WHERE name='index_questions_on_user_id' AND type='index'
[0m
  [1m[35m (0.1ms)[0m              SELECT sql
            FROM sqlite_master
            WHERE name='index_users_on_reset_password_token' AND type='index'
            UNION ALL
            SELECT sql
            FROM sqlite_temp_master
            WHERE name='index_users_on_reset_password_token' AND type='index'

  [1m[36m (0.1ms)[0m  [1m            SELECT sql
            FROM sqlite_master
            WHERE name='index_users_on_email' AND type='index'
            UNION ALL
            SELECT sql
            FROM sqlite_temp_master
            WHERE name='index_users_on_email' AND type='index'
[0m


Started GET "/" for 127.0.0.1 at 2017-07-26 18:32:05 +0530
  [1m[36mActiveRecord::SchemaMigration Load (0.3ms)[0m  [1mSELECT "schema_migrations".* FROM "schema_migrations"[0m
Processing by QuestionsController#index as HTML
Completed 401 Unauthorized in 43ms (ActiveRecord: 0.0ms)


Started GET "/users/sign_in" for 127.0.0.1 at 2017-07-26 18:32:06 +0530
Processing by Devise::SessionsController#new as HTML
  Rendered devise/shared/_links.html.erb (1.8ms)
  Rendered devise/sessions/new.html.erb within layouts/application (211.2ms)
Completed 200 OK in 2675ms (Views: 2605.1ms | ActiveRecord: 1.0ms)


Started GET "/assets/answers.self-e3b0c44298fc1c149afbf4c8996fb92427ae41e4649b934ca495991b7852b855.css?body=1" for 127.0.0.1 at 2017-07-26 18:32:09 +0530


Started GET "/assets/home.self-e3b0c44298fc1c149afbf4c8996fb92427ae41e4649b934ca495991b7852b855.css?body=1" for 127.0.0.1 at 2017-07-26 18:32:09 +0530


Started GET "/assets/questions.self-e3b0c44298fc1c149afbf4c8996fb92427ae41e4649b934ca495991b7852b855.css?body=1" for 127.0.0.1 at 2017-07-26 18:32:09 +0530


Started GET "/assets/scaffolds.self-15e4144ef7b191a75061a1de52fa728cfd46daa5fb99852782b0c36a5ae25986.css?body=1" for 127.0.0.1 at 2017-07-26 18:32:09 +0530


Started GET "/assets/application.self-e80e8f2318043e8af94dddc2adad5a4f09739a8ebb323b3ab31cd71d45fd9113.css?body=1" for 127.0.0.1 at 2017-07-26 18:32:09 +0530


Started GET "/assets/jquery.self-bd7ddd393353a8d2480a622e80342adf488fb6006d667e8b42e4c0073393abee.js?body=1" for 127.0.0.1 at 2017-07-26 18:32:09 +0530


Started GET "/assets/jquery_ujs.self-784a997f6726036b1993eb2217c9cb558e1cbb801c6da88105588c56f13b466a.js?body=1" for 127.0.0.1 at 2017-07-26 18:32:09 +0530


Started GET "/assets/turbolinks.self-1d1fddf91adc38ac2045c51f0a3e05ca97d07d24d15a4dcbf705009106489e69.js?body=1" for 127.0.0.1 at 2017-07-26 18:32:09 +0530


Started GET "/assets/answers.self-877aef30ae1b040ab8a3aba4e3e309a11d7f2612f44dde450b5c157aa5f95c05.js?body=1" for 127.0.0.1 at 2017-07-26 18:32:09 +0530


Started GET "/assets/home.self-877aef30ae1b040ab8a3aba4e3e309a11d7f2612f44dde450b5c157aa5f95c05.js?body=1" for 127.0.0.1 at 2017-07-26 18:32:09 +0530


Started GET "/assets/questions.self-877aef30ae1b040ab8a3aba4e3e309a11d7f2612f44dde450b5c157aa5f95c05.js?body=1" for 127.0.0.1 at 2017-07-26 18:32:09 +0530


Started GET "/assets/application.self-3b8dabdc891efe46b9a144b400ad69e37d7e5876bdc39dee783419a69d7ca819.js?body=1" for 127.0.0.1 at 2017-07-26 18:32:09 +0530


Started GET "/users/sign_up" for 127.0.0.1 at 2017-07-26 18:32:12 +0530
Processing by Devise::RegistrationsController#new as HTML
  Rendered devise/shared/_links.html.erb (0.5ms)
  Rendered devise/registrations/new.html.erb within layouts/application (4.7ms)
Completed 200 OK in 452ms (Views: 450.9ms | ActiveRecord: 0.0ms)


Started POST "/users" for 127.0.0.1 at 2017-07-26 18:32:22 +0530
Processing by Devise::RegistrationsController#create as HTML
  Parameters: {"utf8"=>"✓", "authenticity_token"=>"S/NL9Ze8jKmsqVOc/KoPxgITCk6hFPSdAqwNZ1W5oWh+LgH+vJZtSyNGLIVTqH0KcNhLG6WEfb8Aux0CNa1ifg==", "user"=>{"email"=>"a@b.com", "password"=>"[FILTERED]", "password_confirmation"=>"[FILTERED]"}, "commit"=>"Sign up"}
  [1m[35m (0.1ms)[0m  begin transaction
  [1m[36mUser Exists (0.2ms)[0m  [1mSELECT  1 AS one FROM "users" WHERE "users"."email" = 'a@b.com' LIMIT 1[0m
  [1m[35mSQL (0.4ms)[0m  INSERT INTO "users" ("email", "encrypted_password", "created_at", "updated_at", "confirmation_token", "confirmation_sent_at") VALUES (?, ?, ?, ?, ?, ?)  [["email", "a@b.com"], ["encrypted_password", "$2a$11$vjHScpIIq7Iyzl0SqChqBOkw1wzpfCVC1p08L/BFBIhjTlIfouKsK"], ["created_at", "2017-07-26 13:02:22.905308"], ["updated_at", "2017-07-26 13:02:22.905308"], ["confirmation_token", "w_438_xxzgexBaaQLwga"], ["confirmation_sent_at", "2017-07-26 13:02:22.905738"]]
  [1m[36m (110.0ms)[0m  [1mcommit transaction[0m
  Rendered devise/mailer/confirmation_instructions.html.erb (0.9ms)

Devise::Mailer#confirmation_instructions: processed outbound mail in 319.7ms

Sent mail to a@b.com (4951.9ms)
Date: Wed, 26 Jul 2017 18:32:23 +0530
From: please-change-me-at-config-initializers-devise@example.com
Reply-To: please-change-me-at-config-initializers-devise@example.com
To: a@b.com
Message-ID: <597892df738d4_e1f3e30cbc849277@sanjeet-HP-650-Notebook-PC.mail>
Subject: Confirmation instructions
Mime-Version: 1.0
Content-Type: text/html;
 charset=UTF-8
Content-Transfer-Encoding: 7bit

<p>Welcome a@b.com!</p>

<p>You can confirm your account email through the link below:</p>

<p><a href="http://localhost:3000/users/confirmation?confirmation_token=w_438_xxzgexBaaQLwga">Confirm my account</a></p>

Redirected to http://localhost:3000/
Completed 302 Found in 6373ms (ActiveRecord: 110.6ms)


Started GET "/" for 127.0.0.1 at 2017-07-26 18:32:28 +0530
Processing by QuestionsController#index as HTML
Completed 401 Unauthorized in 1ms (ActiveRecord: 0.0ms)


Started GET "/users/sign_in" for 127.0.0.1 at 2017-07-26 18:32:28 +0530
Processing by Devise::SessionsController#new as HTML
  Rendered devise/shared/_links.html.erb (0.7ms)
  Rendered devise/sessions/new.html.erb within layouts/application (5.1ms)
Completed 200 OK in 53ms (Views: 50.9ms | ActiveRecord: 0.0ms)


Started GET "/users/confirmation?confirmation_token=w_438_xxzgexBaaQLwga" for 127.0.0.1 at 2017-07-26 18:32:42 +0530
Processing by Devise::ConfirmationsController#show as HTML
  Parameters: {"confirmation_token"=>"w_438_xxzgexBaaQLwga"}
  [1m[35mUser Load (0.3ms)[0m  SELECT  "users".* FROM "users" WHERE "users"."confirmation_token" = ?  ORDER BY "users"."id" ASC LIMIT 1  [["confirmation_token", "w_438_xxzgexBaaQLwga"]]
  [1m[36m (0.1ms)[0m  [1mbegin transaction[0m
  [1m[35mSQL (0.3ms)[0m  UPDATE "users" SET "confirmed_at" = ?, "updated_at" = ? WHERE "users"."id" = ?  [["confirmed_at", "2017-07-26 13:02:42.166363"], ["updated_at", "2017-07-26 13:02:42.166997"], ["id", 1]]
  [1m[36m (636.5ms)[0m  [1mcommit transaction[0m
Redirected to http://localhost:3000/users/sign_in
Completed 302 Found in 703ms (ActiveRecord: 637.1ms)


Started GET "/users/sign_in" for 127.0.0.1 at 2017-07-26 18:32:42 +0530
Processing by Devise::SessionsController#new as HTML
  Rendered devise/shared/_links.html.erb (0.8ms)
  Rendered devise/sessions/new.html.erb within layouts/application (4.6ms)
Completed 200 OK in 34ms (Views: 33.0ms | ActiveRecord: 0.0ms)


Started POST "/users/sign_in" for 127.0.0.1 at 2017-07-26 18:32:46 +0530
Processing by Devise::SessionsController#create as HTML
  Parameters: {"utf8"=>"✓", "authenticity_token"=>"vKu22cTT6yj43cj2gS3A6ppTUU6ul+vfcyZqhAa1ikeJdvzS7/kKyncyt+8uL7Im6JgQG6oHYv1xMXrhZqFJUQ==", "user"=>{"email"=>"a@b.com", "password"=>"[FILTERED]", "remember_me"=>"0"}, "commit"=>"Log in"}
  [1m[35mUser Load (0.4ms)[0m  SELECT  "users".* FROM "users" WHERE "users"."email" = ?  ORDER BY "users"."id" ASC LIMIT 1  [["email", "a@b.com"]]
  [1m[36m (0.1ms)[0m  [1mbegin transaction[0m
  [1m[35mSQL (0.3ms)[0m  UPDATE "users" SET "last_sign_in_at" = ?, "current_sign_in_at" = ?, "last_sign_in_ip" = ?, "current_sign_in_ip" = ?, "sign_in_count" = ?, "updated_at" = ? WHERE "users"."id" = ?  [["last_sign_in_at", "2017-07-26 13:02:46.931385"], ["current_sign_in_at", "2017-07-26 13:02:46.931385"], ["last_sign_in_ip", "127.0.0.1"], ["current_sign_in_ip", "127.0.0.1"], ["sign_in_count", 1], ["updated_at", "2017-07-26 13:02:46.932276"], ["id", 1]]
  [1m[36m (430.8ms)[0m  [1mcommit transaction[0m
Redirected to http://localhost:3000/
Completed 302 Found in 714ms (ActiveRecord: 431.6ms)


Started GET "/" for 127.0.0.1 at 2017-07-26 18:32:47 +0530
Processing by QuestionsController#index as HTML
  [1m[35mUser Load (0.3ms)[0m  SELECT  "users".* FROM "users" WHERE "users"."id" = ?  ORDER BY "users"."id" ASC LIMIT 1  [["id", 1]]
  [1m[36mQuestion Load (0.3ms)[0m  [1mSELECT "questions".* FROM "questions"[0m
  Rendered questions/index.html.erb within layouts/application (3.2ms)
Completed 200 OK in 81ms (Views: 52.3ms | ActiveRecord: 0.8ms)


Started GET "/questions/new" for 127.0.0.1 at 2017-07-26 18:32:52 +0530
Processing by QuestionsController#new as HTML
  [1m[35mUser Load (0.2ms)[0m  SELECT  "users".* FROM "users" WHERE "users"."id" = ?  ORDER BY "users"."id" ASC LIMIT 1  [["id", 1]]
  Rendered questions/_form.html.erb (23.9ms)
  Rendered questions/new.html.erb within layouts/application (25.8ms)
Completed 200 OK in 61ms (Views: 53.7ms | ActiveRecord: 0.3ms)


Started POST "/questions" for 127.0.0.1 at 2017-07-26 18:33:30 +0530
Processing by QuestionsController#create as HTML
  Parameters: {"utf8"=>"✓", "authenticity_token"=>"11SWyiWW4o4wVxqDsK8Y8lDpQPaMAON7tpxwlNiQFBRLuPzs0P1Idjm0q8X5PbGBJlJPnxGbp5ouJjEv001YBQ==", "question"=>{"title"=>"aaaaaaaaa", "content"=>"bbbbbbbbbbbbbb"}, "commit"=>"Create Question"}
  [1m[36mUser Load (0.2ms)[0m  [1mSELECT  "users".* FROM "users" WHERE "users"."id" = ?  ORDER BY "users"."id" ASC LIMIT 1[0m  [["id", 1]]
  [1m[35m (0.1ms)[0m  begin transaction
  [1m[36mSQL (0.6ms)[0m  [1mINSERT INTO "questions" ("title", "content", "user_id", "created_at", "updated_at") VALUES (?, ?, ?, ?, ?)[0m  [["title", "aaaaaaaaa"], ["content", "bbbbbbbbbbbbbb"], ["user_id", 1], ["created_at", "2017-07-26 13:03:30.087797"], ["updated_at", "2017-07-26 13:03:30.087797"]]
  [1m[35m (319.2ms)[0m  commit transaction
Redirected to http://localhost:3000/questions/1
Completed 302 Found in 328ms (ActiveRecord: 320.2ms)


Started GET "/questions/1" for 127.0.0.1 at 2017-07-26 18:33:30 +0530
Processing by QuestionsController#show as HTML
  Parameters: {"id"=>"1"}
  [1m[36mUser Load (0.2ms)[0m  [1mSELECT  "users".* FROM "users" WHERE "users"."id" = ?  ORDER BY "users"."id" ASC LIMIT 1[0m  [["id", 1]]
  [1m[35mQuestion Load (0.3ms)[0m  SELECT  "questions".* FROM "questions" WHERE "questions"."id" = ? LIMIT 1  [["id", 1]]
  [1m[36mUser Load (0.3ms)[0m  [1mSELECT  "users".* FROM "users" WHERE "users"."id" = ? LIMIT 1[0m  [["id", 1]]
  [1m[35mAnswer Load (0.2ms)[0m  SELECT "answers".* FROM "answers" WHERE "answers"."question_id" = ?  [["question_id", 1]]
  Rendered questions/show.html.erb within layouts/application (31.7ms)
Completed 200 OK in 82ms (Views: 53.0ms | ActiveRecord: 1.1ms)


Started GET "/questions" for 127.0.0.1 at 2017-07-26 18:33:34 +0530
Processing by QuestionsController#index as HTML
  [1m[36mUser Load (0.2ms)[0m  [1mSELECT  "users".* FROM "users" WHERE "users"."id" = ?  ORDER BY "users"."id" ASC LIMIT 1[0m  [["id", 1]]
  [1m[35mQuestion Load (0.3ms)[0m  SELECT "questions".* FROM "questions"
  [1m[36mUser Load (0.3ms)[0m  [1mSELECT  "users".* FROM "users" WHERE "users"."id" = ? LIMIT 1[0m  [["id", 1]]
  Rendered questions/index.html.erb within layouts/application (3.7ms)
Completed 200 OK in 36ms (Views: 33.0ms | ActiveRecord: 0.7ms)


Started GET "/questions/1" for 127.0.0.1 at 2017-07-26 18:33:37 +0530
Processing by QuestionsController#show as HTML
  Parameters: {"id"=>"1"}
  [1m[35mUser Load (0.2ms)[0m  SELECT  "users".* FROM "users" WHERE "users"."id" = ?  ORDER BY "users"."id" ASC LIMIT 1  [["id", 1]]
  [1m[36mQuestion Load (0.1ms)[0m  [1mSELECT  "questions".* FROM "questions" WHERE "questions"."id" = ? LIMIT 1[0m  [["id", 1]]
  [1m[35mUser Load (0.2ms)[0m  SELECT  "users".* FROM "users" WHERE "users"."id" = ? LIMIT 1  [["id", 1]]
  [1m[36mAnswer Load (0.2ms)[0m  [1mSELECT "answers".* FROM "answers" WHERE "answers"."question_id" = ?[0m  [["question_id", 1]]
  Rendered questions/show.html.erb within layouts/application (4.0ms)
Completed 200 OK in 45ms (Views: 41.1ms | ActiveRecord: 0.7ms)


Started GET "/answers/new?question_id=1" for 127.0.0.1 at 2017-07-26 18:33:38 +0530
Processing by AnswersController#new as HTML
  Parameters: {"question_id"=>"1"}
  Rendered answers/_form.html.erb (81.8ms)
  Rendered answers/new.html.erb within layouts/application (153.7ms)
Completed 200 OK in 189ms (Views: 182.7ms | ActiveRecord: 0.3ms)


Started POST "/answers" for 127.0.0.1 at 2017-07-26 18:33:44 +0530
Processing by AnswersController#create as HTML
  Parameters: {"utf8"=>"✓", "authenticity_token"=>"dx8kCuBVwXaOGMvee7VoZRZFJ1ANAea0MtTIv64eVxfr804sFT5rjof7epgyJ8EWYP4oOZCaolWqbokEpcMbBg==", "answer"=>{"content"=>"aaaaaaaaaaaaaa", "question_id"=>"1", "user_id"=>""}, "commit"=>"Create Answer"}
  [1m[35mUser Load (0.2ms)[0m  SELECT  "users".* FROM "users" WHERE "users"."id" = ?  ORDER BY "users"."id" ASC LIMIT 1  [["id", 1]]
  [1m[36m (0.1ms)[0m  [1mbegin transaction[0m
  [1m[35mSQL (0.4ms)[0m  INSERT INTO "answers" ("content", "question_id", "user_id", "created_at", "updated_at") VALUES (?, ?, ?, ?, ?)  [["content", "aaaaaaaaaaaaaa"], ["question_id", 1], ["user_id", 1], ["created_at", "2017-07-26 13:03:44.510508"], ["updated_at", "2017-07-26 13:03:44.510508"]]
  [1m[36m (277.6ms)[0m  [1mcommit transaction[0m
Redirected to http://localhost:3000/answers/1
Completed 302 Found in 285ms (ActiveRecord: 278.3ms)


Started GET "/answers/1" for 127.0.0.1 at 2017-07-26 18:33:44 +0530
Processing by AnswersController#show as HTML
  Parameters: {"id"=>"1"}
  [1m[35mAnswer Load (0.2ms)[0m  SELECT  "answers".* FROM "answers" WHERE "answers"."id" = ? LIMIT 1  [["id", 1]]
  [1m[36mQuestion Load (0.1ms)[0m  [1mSELECT  "questions".* FROM "questions" WHERE "questions"."id" = ? LIMIT 1[0m  [["id", 1]]
  [1m[35mUser Load (0.1ms)[0m  SELECT  "users".* FROM "users" WHERE "users"."id" = ? LIMIT 1  [["id", 1]]
  Rendered answers/show.html.erb within layouts/application (7.1ms)
Completed 200 OK in 34ms (Views: 32.3ms | ActiveRecord: 0.5ms)


Started GET "/questions/1" for 127.0.0.1 at 2017-07-26 18:33:47 +0530
Processing by QuestionsController#show as HTML
  Parameters: {"id"=>"1"}
  [1m[36mUser Load (0.1ms)[0m  [1mSELECT  "users".* FROM "users" WHERE "users"."id" = ?  ORDER BY "users"."id" ASC LIMIT 1[0m  [["id", 1]]
  [1m[35mQuestion Load (0.1ms)[0m  SELECT  "questions".* FROM "questions" WHERE "questions"."id" = ? LIMIT 1  [["id", 1]]
  [1m[36mUser Load (0.1ms)[0m  [1mSELECT  "users".* FROM "users" WHERE "users"."id" = ? LIMIT 1[0m  [["id", 1]]
  [1m[35mAnswer Load (0.1ms)[0m  SELECT "answers".* FROM "answers" WHERE "answers"."question_id" = ?  [["question_id", 1]]
  Rendered questions/show.html.erb within layouts/application (2.9ms)
Completed 200 OK in 29ms (Views: 26.3ms | ActiveRecord: 0.4ms)


Started GET "/questions" for 127.0.0.1 at 2017-07-26 18:33:50 +0530
Processing by QuestionsController#index as HTML
  [1m[36mUser Load (0.1ms)[0m  [1mSELECT  "users".* FROM "users" WHERE "users"."id" = ?  ORDER BY "users"."id" ASC LIMIT 1[0m  [["id", 1]]
  [1m[35mQuestion Load (0.3ms)[0m  SELECT "questions".* FROM "questions"
  [1m[36mUser Load (0.1ms)[0m  [1mSELECT  "users".* FROM "users" WHERE "users"."id" = ? LIMIT 1[0m  [["id", 1]]
  Rendered questions/index.html.erb within layouts/application (2.7ms)
Completed 200 OK in 28ms (Views: 26.0ms | ActiveRecord: 0.5ms)


Started GET "/questions/1" for 127.0.0.1 at 2017-07-26 18:33:53 +0530
Processing by QuestionsController#show as HTML
  Parameters: {"id"=>"1"}
  [1m[35mUser Load (0.1ms)[0m  SELECT  "users".* FROM "users" WHERE "users"."id" = ?  ORDER BY "users"."id" ASC LIMIT 1  [["id", 1]]
  [1m[36mQuestion Load (0.1ms)[0m  [1mSELECT  "questions".* FROM "questions" WHERE "questions"."id" = ? LIMIT 1[0m  [["id", 1]]
  [1m[35mUser Load (0.1ms)[0m  SELECT  "users".* FROM "users" WHERE "users"."id" = ? LIMIT 1  [["id", 1]]
  [1m[36mAnswer Load (0.1ms)[0m  [1mSELECT "answers".* FROM "answers" WHERE "answers"."question_id" = ?[0m  [["question_id", 1]]
  Rendered questions/show.html.erb within layouts/application (2.3ms)
Completed 200 OK in 31ms (Views: 27.9ms | ActiveRecord: 0.4ms)
  [1m[36mActiveRecord::SchemaMigration Load (0.2ms)[0m  [1mSELECT "schema_migrations".* FROM "schema_migrations"[0m
  [1m[35mActiveRecord::SchemaMigration Load (0.1ms)[0m  SELECT "schema_migrations".* FROM "schema_migrations"
  [1m[36m (0.2ms)[0m  [1m            SELECT sql
            FROM sqlite_master
            WHERE name='index_answers_on_user_id' AND type='index'
            UNION ALL
            SELECT sql
            FROM sqlite_temp_master
            WHERE name='index_answers_on_user_id' AND type='index'
[0m
  [1m[35m (0.2ms)[0m              SELECT sql
            FROM sqlite_master
            WHERE name='index_answers_on_question_id' AND type='index'
            UNION ALL
            SELECT sql
            FROM sqlite_temp_master
            WHERE name='index_answers_on_question_id' AND type='index'

  [1m[36m (0.2ms)[0m  [1m            SELECT sql
            FROM sqlite_master
            WHERE name='index_questions_on_user_id' AND type='index'
            UNION ALL
            SELECT sql
            FROM sqlite_temp_master
            WHERE name='index_questions_on_user_id' AND type='index'
[0m
  [1m[35m (0.2ms)[0m              SELECT sql
            FROM sqlite_master
            WHERE name='index_users_on_reset_password_token' AND type='index'
            UNION ALL
            SELECT sql
            FROM sqlite_temp_master
            WHERE name='index_users_on_reset_password_token' AND type='index'

  [1m[36m (0.1ms)[0m  [1m            SELECT sql
            FROM sqlite_master
            WHERE name='index_users_on_email' AND type='index'
            UNION ALL
            SELECT sql
            FROM sqlite_temp_master
            WHERE name='index_users_on_email' AND type='index'
[0m
  [1m[36mActiveRecord::SchemaMigration Load (0.2ms)[0m  [1mSELECT "schema_migrations".* FROM "schema_migrations"[0m
  [1m[35mActiveRecord::SchemaMigration Load (0.1ms)[0m  SELECT "schema_migrations".* FROM "schema_migrations"
  [1m[36m (0.2ms)[0m  [1m            SELECT sql
            FROM sqlite_master
            WHERE name='index_answers_on_user_id' AND type='index'
            UNION ALL
            SELECT sql
            FROM sqlite_temp_master
            WHERE name='index_answers_on_user_id' AND type='index'
[0m
  [1m[35m (0.2ms)[0m              SELECT sql
            FROM sqlite_master
            WHERE name='index_answers_on_question_id' AND type='index'
            UNION ALL
            SELECT sql
            FROM sqlite_temp_master
            WHERE name='index_answers_on_question_id' AND type='index'

  [1m[36m (0.2ms)[0m  [1m            SELECT sql
            FROM sqlite_master
            WHERE name='index_questions_on_user_id' AND type='index'
            UNION ALL
            SELECT sql
            FROM sqlite_temp_master
            WHERE name='index_questions_on_user_id' AND type='index'
[0m
  [1m[35m (0.2ms)[0m              SELECT sql
            FROM sqlite_master
            WHERE name='index_users_on_reset_password_token' AND type='index'
            UNION ALL
            SELECT sql
            FROM sqlite_temp_master
            WHERE name='index_users_on_reset_password_token' AND type='index'

  [1m[36m (0.1ms)[0m  [1m            SELECT sql
            FROM sqlite_master
            WHERE name='index_users_on_email' AND type='index'
            UNION ALL
            SELECT sql
            FROM sqlite_temp_master
            WHERE name='index_users_on_email' AND type='index'
[0m


Started GET "/users/sign_in" for 127.0.0.1 at 2017-07-28 20:53:10 +0530
  [1m[36mActiveRecord::SchemaMigration Load (0.2ms)[0m  [1mSELECT "schema_migrations".* FROM "schema_migrations"[0m
Processing by Devise::SessionsController#new as HTML
  [1m[35mUser Load (0.4ms)[0m  SELECT  "users".* FROM "users" WHERE "users"."id" = ?  ORDER BY "users"."id" ASC LIMIT 1  [["id", 2]]
  Rendered devise/shared/_links.html.erb (4.3ms)
  Rendered devise/sessions/new.html.erb within layouts/application (136.7ms)
Completed 200 OK in 614ms (Views: 524.0ms | ActiveRecord: 1.4ms)


Started GET "/users/sign_up" for 127.0.0.1 at 2017-07-28 20:53:15 +0530
Processing by Devise::RegistrationsController#new as HTML
  Rendered devise/shared/_links.html.erb (0.5ms)
  Rendered devise/registrations/new.html.erb within layouts/application (3.9ms)
Completed 200 OK in 179ms (Views: 177.7ms | ActiveRecord: 0.0ms)


Started POST "/users" for 127.0.0.1 at 2017-07-28 20:53:29 +0530
Processing by Devise::RegistrationsController#create as HTML
  Parameters: {"utf8"=>"✓", "authenticity_token"=>"RC0mfYDElV+Qn6NB1B+38owNXTHTJEC05ppG3jbSQqogI7/XC1IDiWomf4GJiSnWkaaMkZ8YwuALvmgOkoOp0Q==", "user"=>{"email"=>"snjmithu@gmail.com", "password"=>"[FILTERED]", "password_confirmation"=>"[FILTERED]"}, "commit"=>"Sign up"}
  [1m[36m (0.1ms)[0m  [1mbegin transaction[0m
  [1m[35mUser Exists (0.3ms)[0m  SELECT  1 AS one FROM "users" WHERE "users"."email" = 'snjmithu@gmail.com' LIMIT 1
  [1m[36mSQL (0.4ms)[0m  [1mINSERT INTO "users" ("email", "encrypted_password", "created_at", "updated_at", "confirmation_token", "confirmation_sent_at") VALUES (?, ?, ?, ?, ?, ?)[0m  [["email", "snjmithu@gmail.com"], ["encrypted_password", "$2a$11$aWbizIgoCSapZvXA/K.nweXyhopYIfUsG.JtCWDiH1vjIsfUpvene"], ["created_at", "2017-07-28 15:23:29.600995"], ["updated_at", "2017-07-28 15:23:29.600995"], ["confirmation_token", "42LtSosUKaPfxdyctwyG"], ["confirmation_sent_at", "2017-07-28 15:23:29.601436"]]
  [1m[35m (85.1ms)[0m  commit transaction
  Rendered devise/mailer/confirmation_instructions.html.erb (1.5ms)

Devise::Mailer#confirmation_instructions: processed outbound mail in 257.8ms

Sent mail to snjmithu@gmail.com (4940.4ms)
Date: Fri, 28 Jul 2017 20:53:30 +0530
From: please-change-me-at-config-initializers-devise@example.com
Reply-To: please-change-me-at-config-initializers-devise@example.com
To: snjmithu@gmail.com
Message-ID: <597b56f2ae81_13fe3eeabb2821817@sanjeet-HP-650-Notebook-PC.mail>
Subject: Confirmation instructions
Mime-Version: 1.0
Content-Type: text/html;
 charset=UTF-8
Content-Transfer-Encoding: 7bit

<p>Welcome snjmithu@gmail.com!</p>

<p>You can confirm your account email through the link below:</p>

<p><a href="http://localhost:3000/users/confirmation?confirmation_token=42LtSosUKaPfxdyctwyG">Confirm my account</a></p>

Redirected to http://localhost:3000/
Completed 302 Found in 6023ms (ActiveRecord: 85.9ms)


Started GET "/" for 127.0.0.1 at 2017-07-28 20:53:35 +0530
Processing by QuestionsController#index as HTML
Completed 401 Unauthorized in 1ms (ActiveRecord: 0.0ms)


Started GET "/users/sign_in" for 127.0.0.1 at 2017-07-28 20:53:35 +0530
Processing by Devise::SessionsController#new as HTML
  Rendered devise/shared/_links.html.erb (0.7ms)
  Rendered devise/sessions/new.html.erb within layouts/application (5.9ms)
Completed 200 OK in 29ms (Views: 27.3ms | ActiveRecord: 0.0ms)


Started GET "/users/confirmation?confirmation_token=42LtSosUKaPfxdyctwyG" for 127.0.0.1 at 2017-07-28 20:53:54 +0530
Processing by Devise::ConfirmationsController#show as HTML
  Parameters: {"confirmation_token"=>"42LtSosUKaPfxdyctwyG"}
  [1m[36mUser Load (0.3ms)[0m  [1mSELECT  "users".* FROM "users" WHERE "users"."confirmation_token" = ?  ORDER BY "users"."id" ASC LIMIT 1[0m  [["confirmation_token", "42LtSosUKaPfxdyctwyG"]]
  [1m[35m (0.1ms)[0m  begin transaction
  [1m[36mSQL (0.3ms)[0m  [1mUPDATE "users" SET "confirmed_at" = ?, "updated_at" = ? WHERE "users"."id" = ?[0m  [["confirmed_at", "2017-07-28 15:23:54.950583"], ["updated_at", "2017-07-28 15:23:54.951244"], ["id", 2]]
  [1m[35m (205.8ms)[0m  commit transaction
Redirected to http://localhost:3000/users/sign_in
Completed 302 Found in 215ms (ActiveRecord: 206.5ms)


Started GET "/users/sign_in" for 127.0.0.1 at 2017-07-28 20:53:55 +0530
Processing by Devise::SessionsController#new as HTML
  Rendered devise/shared/_links.html.erb (0.4ms)
  Rendered devise/sessions/new.html.erb within layouts/application (2.7ms)
Completed 200 OK in 27ms (Views: 25.9ms | ActiveRecord: 0.0ms)


Started POST "/users/sign_in" for 127.0.0.1 at 2017-07-28 20:53:58 +0530
Processing by Devise::SessionsController#create as HTML
  Parameters: {"utf8"=>"✓", "authenticity_token"=>"0Ifk9byvHSubSd0nEhPp3JCsJubWKNODtRvQyj0hmQu0iX1fNzmL/WHwAedPhXf4jQf3RpoUUddYP/4amXBycA==", "user"=>{"email"=>"snjmithu@gmail.com", "password"=>"[FILTERED]", "remember_me"=>"0"}, "commit"=>"Log in"}
  [1m[36mUser Load (0.3ms)[0m  [1mSELECT  "users".* FROM "users" WHERE "users"."email" = ?  ORDER BY "users"."id" ASC LIMIT 1[0m  [["email", "snjmithu@gmail.com"]]
  [1m[35m (0.1ms)[0m  begin transaction
  [1m[36mSQL (0.3ms)[0m  [1mUPDATE "users" SET "last_sign_in_at" = ?, "current_sign_in_at" = ?, "last_sign_in_ip" = ?, "current_sign_in_ip" = ?, "sign_in_count" = ?, "updated_at" = ? WHERE "users"."id" = ?[0m  [["last_sign_in_at", "2017-07-28 15:23:58.974142"], ["current_sign_in_at", "2017-07-28 15:23:58.974142"], ["last_sign_in_ip", "127.0.0.1"], ["current_sign_in_ip", "127.0.0.1"], ["sign_in_count", 1], ["updated_at", "2017-07-28 15:23:58.975047"], ["id", 2]]
  [1m[35m (120.2ms)[0m  commit transaction
Redirected to http://localhost:3000/
Completed 302 Found in 390ms (ActiveRecord: 120.9ms)


Started GET "/" for 127.0.0.1 at 2017-07-28 20:53:59 +0530
Processing by QuestionsController#index as HTML
  [1m[36mUser Load (0.2ms)[0m  [1mSELECT  "users".* FROM "users" WHERE "users"."id" = ?  ORDER BY "users"."id" ASC LIMIT 1[0m  [["id", 2]]
  [1m[35mQuestion Load (0.3ms)[0m  SELECT "questions".* FROM "questions"
  Rendered questions/index.html.erb within layouts/application (3.6ms)
Completed 200 OK in 83ms (Views: 53.0ms | ActiveRecord: 0.8ms)


Started GET "/questions/new" for 127.0.0.1 at 2017-07-28 20:54:02 +0530
Processing by QuestionsController#new as HTML
  [1m[36mUser Load (0.1ms)[0m  [1mSELECT  "users".* FROM "users" WHERE "users"."id" = ?  ORDER BY "users"."id" ASC LIMIT 1[0m  [["id", 2]]
  Rendered questions/_form.html.erb (129.9ms)
  Rendered questions/new.html.erb within layouts/application (131.6ms)
Completed 200 OK in 165ms (Views: 153.4ms | ActiveRecord: 0.3ms)


Started POST "/questions" for 127.0.0.1 at 2017-07-28 20:54:29 +0530
Processing by QuestionsController#create as HTML
  Parameters: {"utf8"=>"✓", "authenticity_token"=>"mIT7B6kw1xdxNyHouOhOIfnbdfJdeevpfPBxqMytzS7w9B4BDrHvxUVgs+tvB69vlQgCFP0TdZthgIbciz7PHw==", "question"=>{"title"=>"ques1", "content"=>"this is ques 1\r\n"}, "commit"=>"Create Question"}
  [1m[35mUser Load (0.2ms)[0m  SELECT  "users".* FROM "users" WHERE "users"."id" = ?  ORDER BY "users"."id" ASC LIMIT 1  [["id", 2]]
  [1m[36m (0.1ms)[0m  [1mbegin transaction[0m
  [1m[35mSQL (0.3ms)[0m  INSERT INTO "questions" ("title", "content", "user_id", "created_at", "updated_at") VALUES (?, ?, ?, ?, ?)  [["title", "ques1"], ["content", "this is ques 1\r\n"], ["user_id", 2], ["created_at", "2017-07-28 15:24:29.252466"], ["updated_at", "2017-07-28 15:24:29.252466"]]
  [1m[36m (228.5ms)[0m  [1mcommit transaction[0m
Redirected to http://localhost:3000/questions/2
Completed 302 Found in 238ms (ActiveRecord: 229.2ms)


Started GET "/questions/2" for 127.0.0.1 at 2017-07-28 20:54:29 +0530
Processing by QuestionsController#show as HTML
  Parameters: {"id"=>"2"}
  [1m[35mUser Load (0.2ms)[0m  SELECT  "users".* FROM "users" WHERE "users"."id" = ?  ORDER BY "users"."id" ASC LIMIT 1  [["id", 2]]
  [1m[36mQuestion Load (0.2ms)[0m  [1mSELECT  "questions".* FROM "questions" WHERE "questions"."id" = ? LIMIT 1[0m  [["id", 2]]
  [1m[35mUser Load (0.4ms)[0m  SELECT  "users".* FROM "users" WHERE "users"."id" = ? LIMIT 1  [["id", 2]]
  [1m[36mAnswer Load (0.2ms)[0m  [1mSELECT "answers".* FROM "answers" WHERE "answers"."question_id" = ?[0m  [["question_id", 2]]
  Rendered questions/show.html.erb within layouts/application (34.5ms)
Completed 200 OK in 73ms (Views: 55.8ms | ActiveRecord: 1.1ms)


Started GET "/answers/new?question_id=2" for 127.0.0.1 at 2017-07-28 20:54:34 +0530
Processing by AnswersController#new as HTML
  Parameters: {"question_id"=>"2"}
  Rendered answers/_form.html.erb (213.0ms)
  Rendered answers/new.html.erb within layouts/application (285.6ms)
Completed 200 OK in 335ms (Views: 326.9ms | ActiveRecord: 0.3ms)


Started POST "/answers" for 127.0.0.1 at 2017-07-28 20:54:48 +0530
Processing by AnswersController#create as HTML
  Parameters: {"utf8"=>"✓", "authenticity_token"=>"ZSKdrkOwfRSHpuVLSgOJZXAra2WKq951CjMd4NCRUB8NUnio5DFFxrPxd0id7GgrHPgcgyrBQAcXQ+qUlwJSLg==", "answer"=>{"content"=>"this is answer to ques 1", "question_id"=>"2", "user_id"=>""}, "commit"=>"Create Answer"}
  [1m[35mUser Load (0.4ms)[0m  SELECT  "users".* FROM "users" WHERE "users"."id" = ?  ORDER BY "users"."id" ASC LIMIT 1  [["id", 2]]
  [1m[36m (0.1ms)[0m  [1mbegin transaction[0m
  [1m[35mSQL (0.3ms)[0m  INSERT INTO "answers" ("content", "question_id", "user_id", "created_at", "updated_at") VALUES (?, ?, ?, ?, ?)  [["content", "this is answer to ques 1"], ["question_id", 2], ["user_id", 2], ["created_at", "2017-07-28 15:24:48.456290"], ["updated_at", "2017-07-28 15:24:48.456290"]]
  [1m[36m (127.7ms)[0m  [1mcommit transaction[0m
Redirected to http://localhost:3000/answers/2
Completed 302 Found in 138ms (ActiveRecord: 128.6ms)


Started GET "/answers/2" for 127.0.0.1 at 2017-07-28 20:54:48 +0530
Processing by AnswersController#show as HTML
  Parameters: {"id"=>"2"}
  [1m[35mAnswer Load (0.3ms)[0m  SELECT  "answers".* FROM "answers" WHERE "answers"."id" = ? LIMIT 1  [["id", 2]]
  [1m[36mQuestion Load (0.1ms)[0m  [1mSELECT  "questions".* FROM "questions" WHERE "questions"."id" = ? LIMIT 1[0m  [["id", 2]]
  [1m[35mUser Load (0.1ms)[0m  SELECT  "users".* FROM "users" WHERE "users"."id" = ? LIMIT 1  [["id", 2]]
  Rendered answers/show.html.erb within layouts/application (7.0ms)
Completed 200 OK in 33ms (Views: 30.1ms | ActiveRecord: 0.5ms)


Started GET "/questions/2" for 127.0.0.1 at 2017-07-28 20:54:52 +0530
Processing by QuestionsController#show as HTML
  Parameters: {"id"=>"2"}
  [1m[36mUser Load (0.2ms)[0m  [1mSELECT  "users".* FROM "users" WHERE "users"."id" = ?  ORDER BY "users"."id" ASC LIMIT 1[0m  [["id", 2]]
  [1m[35mQuestion Load (0.1ms)[0m  SELECT  "questions".* FROM "questions" WHERE "questions"."id" = ? LIMIT 1  [["id", 2]]
  [1m[36mUser Load (0.2ms)[0m  [1mSELECT  "users".* FROM "users" WHERE "users"."id" = ? LIMIT 1[0m  [["id", 2]]
  [1m[35mAnswer Load (0.2ms)[0m  SELECT "answers".* FROM "answers" WHERE "answers"."question_id" = ?  [["question_id", 2]]
  Rendered questions/show.html.erb within layouts/application (4.1ms)
Completed 200 OK in 53ms (Views: 49.1ms | ActiveRecord: 0.6ms)


Started GET "/questions" for 127.0.0.1 at 2017-07-28 20:54:54 +0530
Processing by QuestionsController#index as HTML
  [1m[36mUser Load (0.2ms)[0m  [1mSELECT  "users".* FROM "users" WHERE "users"."id" = ?  ORDER BY "users"."id" ASC LIMIT 1[0m  [["id", 2]]
  [1m[35mQuestion Load (0.3ms)[0m  SELECT "questions".* FROM "questions"
  [1m[36mUser Load (0.2ms)[0m  [1mSELECT  "users".* FROM "users" WHERE "users"."id" = ? LIMIT 1[0m  [["id", 2]]
  Rendered questions/index.html.erb within layouts/application (6.3ms)
Completed 200 OK in 46ms (Views: 42.4ms | ActiveRecord: 0.6ms)
